<?xml version="1.0" encoding="UTF-8"?>
<testng-results skipped="0" failed="0" ignored="0" total="1" passed="1">
  <reporter-output>
  </reporter-output>
  <suite name="Default suite" duration-ms="64569" started-at="2019-01-02T11:48:03Z" finished-at="2019-01-02T11:49:07Z">
    <groups>
    </groups>
    <test name="Default test" duration-ms="64569" started-at="2019-01-02T11:48:03Z" finished-at="2019-01-02T11:49:07Z">
      <class name="com.training.sanity.tests.DiscussforumTest">
        <test-method status="PASS" signature="setUpBeforeClass()[pri:0, instance:com.training.sanity.tests.DiscussforumTest@ae45eb6]" name="setUpBeforeClass" is-config="true" duration-ms="11263" started-at="2019-01-02T11:48:03Z" finished-at="2019-01-02T11:48:14Z">
          <reporter-output>
          </reporter-output>
        </test-method> <!-- setUpBeforeClass -->
        <test-method status="PASS" signature="subscribeTest()[pri:0, instance:com.training.sanity.tests.DiscussforumTest@ae45eb6]" name="subscribeTest" duration-ms="53270" started-at="2019-01-02T11:48:14Z" finished-at="2019-01-02T11:49:07Z">
          <reporter-output>
          </reporter-output>
        </test-method> <!-- subscribeTest -->
      </class> <!-- com.training.sanity.tests.DiscussforumTest -->
    </test> <!-- Default test -->
  </suite> <!-- Default suite -->
</testng-results>
