<?xml version="1.0" encoding="UTF-8"?>
<!-- Generated by org.testng.reporters.JUnitXMLReporter -->
<testsuite hostname="IBM586-PC0F1E6B" ignored="0" name="Default test" tests="4" failures="0" timestamp="18 Jan 2019 08:31:17 GMT" time="100.183" errors="0">
  <testcase name="subscribeTest" time="34.694" classname="com.training.sanity.tests.ELTC_075Test"/>
  <testcase name="subscribeTest" time="19.353" classname="com.training.sanity.tests.ELTC_075Test"/>
  <testcase name="subscribeTest" time="15.95" classname="com.training.sanity.tests.ELTC_075Test"/>
  <testcase name="subscribeTest" time="16.605" classname="com.training.sanity.tests.ELTC_075Test"/>
</testsuite> <!-- Default test -->
